


ARM Macro Assembler    Page 1 


    1 00000000         ;******************** (C) COPYRIGHT 2016 STMicroelectron
                       ics ********************
    2 00000000         ;* File Name          : startup_stm32f411xe.s
    3 00000000         ;* Author             : MCD Application Team
    4 00000000         ;* @version           : V1.8.0
    5 00000000         ;* @date              : 09-November-2016
    6 00000000         ;* Description        : STM32F411xExx devices vector tab
                       le for MDK-ARM toolchain. 
    7 00000000         ;*                      This module performs:
    8 00000000         ;*                      - Set the initial SP
    9 00000000         ;*                      - Set the initial PC == Reset_Ha
                       ndler
   10 00000000         ;*                      - Set the vector table entries w
                       ith the exceptions ISR address
   11 00000000         ;*                      - Branches to __main in the C li
                       brary (which eventually
   12 00000000         ;*                        calls main()).
   13 00000000         ;*                      After Reset the CortexM4 process
                       or is in Thread mode,
   14 00000000         ;*                      priority is Privileged, and the 
                       Stack is set to Main.
   15 00000000         ;* <<< Use Configuration Wizard in Context Menu >>>   
   16 00000000         ;*******************************************************
                       ************************
   17 00000000         ; 
   18 00000000         ;* Redistribution and use in source and binary forms, wi
                       th or without modification,
   19 00000000         ;* are permitted provided that the following conditions 
                       are met:
   20 00000000         ;*   1. Redistributions of source code must retain the a
                       bove copyright notice,
   21 00000000         ;*      this list of conditions and the following discla
                       imer.
   22 00000000         ;*   2. Redistributions in binary form must reproduce th
                       e above copyright notice,
   23 00000000         ;*      this list of conditions and the following discla
                       imer in the documentation
   24 00000000         ;*      and/or other materials provided with the distrib
                       ution.
   25 00000000         ;*   3. Neither the name of STMicroelectronics nor the n
                       ames of its contributors
   26 00000000         ;*      may be used to endorse or promote products deriv
                       ed from this software
   27 00000000         ;*      without specific prior written permission.
   28 00000000         ;*
   29 00000000         ;* THIS SOFTWARE IS PROVIDED BY THE COPYRIGHT HOLDERS AN
                       D CONTRIBUTORS "AS IS"
   30 00000000         ;* AND ANY EXPRESS OR IMPLIED WARRANTIES, INCLUDING, BUT
                        NOT LIMITED TO, THE
   31 00000000         ;* IMPLIED WARRANTIES OF MERCHANTABILITY AND FITNESS FOR
                        A PARTICULAR PURPOSE ARE
   32 00000000         ;* DISCLAIMED. IN NO EVENT SHALL THE COPYRIGHT HOLDER OR
                        CONTRIBUTORS BE LIABLE
   33 00000000         ;* FOR ANY DIRECT, INDIRECT, INCIDENTAL, SPECIAL, EXEMPL
                       ARY, OR CONSEQUENTIAL
   34 00000000         ;* DAMAGES (INCLUDING, BUT NOT LIMITED TO, PROCUREMENT O
                       F SUBSTITUTE GOODS OR
   35 00000000         ;* SERVICES; LOSS OF USE, DATA, OR PROFITS; OR BUSINESS 
                       INTERRUPTION) HOWEVER



ARM Macro Assembler    Page 2 


   36 00000000         ;* CAUSED AND ON ANY THEORY OF LIABILITY, WHETHER IN CON
                       TRACT, STRICT LIABILITY,
   37 00000000         ;* OR TORT (INCLUDING NEGLIGENCE OR OTHERWISE) ARISING I
                       N ANY WAY OUT OF THE USE
   38 00000000         ;* OF THIS SOFTWARE, EVEN IF ADVISED OF THE POSSIBILITY 
                       OF SUCH DAMAGE.
   39 00000000         ; 
   40 00000000         ;*******************************************************
                       ************************
   41 00000000         
   42 00000000         ; Amount of memory (in bytes) allocated for Stack
   43 00000000         ; Tailor this value to your application needs
   44 00000000         ; <h> Stack Configuration
   45 00000000         ;   <o> Stack Size (in Bytes) <0x0-0xFFFFFFFF:8>
   46 00000000         ; </h>
   47 00000000         
   48 00000000 00000800 
                       Stack_Size
                               EQU              0x00000800
   49 00000000         
   50 00000000                 AREA             STACK, NOINIT, READWRITE, ALIGN
=3
   51 00000000         Stack_Mem
                               SPACE            Stack_Size
   52 00000800         __initial_sp
   53 00000800         
   54 00000800         
   55 00000800         ; <h> Heap Configuration
   56 00000800         ;   <o>  Heap Size (in Bytes) <0x0-0xFFFFFFFF:8>
   57 00000800         ; </h>
   58 00000800         
   59 00000800 00000800 
                       Heap_Size
                               EQU              0x00000800
   60 00000800         
   61 00000800                 AREA             HEAP, NOINIT, READWRITE, ALIGN=
3
   62 00000000         __heap_base
   63 00000000         Heap_Mem
                               SPACE            Heap_Size
   64 00000800         __heap_limit
   65 00000800         
   66 00000800                 PRESERVE8
   67 00000800                 THUMB
   68 00000800         
   69 00000800         
   70 00000800         ; Vector Table Mapped to Address 0 at Reset
   71 00000800                 AREA             RESET, DATA, READONLY
   72 00000000                 EXPORT           __Vectors
   73 00000000                 EXPORT           __Vectors_End
   74 00000000                 EXPORT           __Vectors_Size
   75 00000000         
   76 00000000 00000000 
                       __Vectors
                               DCD              __initial_sp ; Top of Stack
   77 00000004 00000000        DCD              Reset_Handler ; Reset Handler
   78 00000008 00000000        DCD              NMI_Handler ; NMI Handler
   79 0000000C 00000000        DCD              HardFault_Handler ; Hard Fault 
                                                            Handler



ARM Macro Assembler    Page 3 


   80 00000010 00000000        DCD              MemManage_Handler 
                                                            ; MPU Fault Handler
                                                            
   81 00000014 00000000        DCD              BusFault_Handler 
                                                            ; Bus Fault Handler
                                                            
   82 00000018 00000000        DCD              UsageFault_Handler ; Usage Faul
                                                            t Handler
   83 0000001C 00000000        DCD              0           ; Reserved
   84 00000020 00000000        DCD              0           ; Reserved
   85 00000024 00000000        DCD              0           ; Reserved
   86 00000028 00000000        DCD              0           ; Reserved
   87 0000002C 00000000        DCD              SVC_Handler ; SVCall Handler
   88 00000030 00000000        DCD              DebugMon_Handler ; Debug Monito
                                                            r Handler
   89 00000034 00000000        DCD              0           ; Reserved
   90 00000038 00000000        DCD              PendSV_Handler ; PendSV Handler
                                                            
   91 0000003C 00000000        DCD              SysTick_Handler 
                                                            ; SysTick Handler
   92 00000040         
   93 00000040         ; External Interrupts
   94 00000040 00000000        DCD              WWDG_IRQHandler ; Window WatchD
                                                            og                 
                                                                               
                                                                
   95 00000044 00000000        DCD              PVD_IRQHandler ; PVD through EX
                                                            TI Line detection  
                                                                               
                                                               
   96 00000048 00000000        DCD              TAMP_STAMP_IRQHandler ; Tamper 
                                                            and TimeStamps thro
                                                            ugh the EXTI line  
                                                                      
   97 0000004C 00000000        DCD              RTC_WKUP_IRQHandler ; RTC Wakeu
                                                            p through the EXTI 
                                                            line               
                                                                    
   98 00000050 00000000        DCD              FLASH_IRQHandler ; FLASH       
                                                                               
                                                                             
   99 00000054 00000000        DCD              RCC_IRQHandler ; RCC           
                                                                               
                                                                           
  100 00000058 00000000        DCD              EXTI0_IRQHandler ; EXTI Line0  
                                                                               
                                                                               
                                                                 
  101 0000005C 00000000        DCD              EXTI1_IRQHandler ; EXTI Line1  
                                                                               
                                                                               
                                                                 
  102 00000060 00000000        DCD              EXTI2_IRQHandler ; EXTI Line2  
                                                                               
                                                                               
                                                                 
  103 00000064 00000000        DCD              EXTI3_IRQHandler ; EXTI Line3  
                                                                               
                                                                               



ARM Macro Assembler    Page 4 


                                                                 
  104 00000068 00000000        DCD              EXTI4_IRQHandler ; EXTI Line4  
                                                                               
                                                                               
                                                                 
  105 0000006C 00000000        DCD              DMA1_Stream0_IRQHandler ; DMA1 
                                                            Stream 0           
                                                                               
                                                                 
  106 00000070 00000000        DCD              DMA1_Stream1_IRQHandler ; DMA1 
                                                            Stream 1           
                                                                               
                                                                 
  107 00000074 00000000        DCD              DMA1_Stream2_IRQHandler ; DMA1 
                                                            Stream 2           
                                                                               
                                                                 
  108 00000078 00000000        DCD              DMA1_Stream3_IRQHandler ; DMA1 
                                                            Stream 3           
                                                                               
                                                                 
  109 0000007C 00000000        DCD              DMA1_Stream4_IRQHandler ; DMA1 
                                                            Stream 4           
                                                                               
                                                                 
  110 00000080 00000000        DCD              DMA1_Stream5_IRQHandler ; DMA1 
                                                            Stream 5           
                                                                               
                                                                 
  111 00000084 00000000        DCD              DMA1_Stream6_IRQHandler ; DMA1 
                                                            Stream 6           
                                                                               
                                                                 
  112 00000088 00000000        DCD              ADC_IRQHandler ; ADC1, ADC2 and
                                                             ADC3s             
                                                                           
  113 0000008C 00000000        DCD              0           ; Reserved         
                                                                               
                                                                               
                                                             
  114 00000090 00000000        DCD              0           ; Reserved         
                                                                               
                                                                               
                                                            
  115 00000094 00000000        DCD              0           ; Reserved         
                                                                               
                                                                             
  116 00000098 00000000        DCD              0           ; Reserved         
                                                                               
                                                                               
                                                            
  117 0000009C 00000000        DCD              EXTI9_5_IRQHandler ; External L
                                                            ine[9:5]s          
                                                                               
                                                                   
  118 000000A0 00000000        DCD              TIM1_BRK_TIM9_IRQHandler ; TIM1
                                                             Break and TIM9    
                                                                           
  119 000000A4 00000000        DCD              TIM1_UP_TIM10_IRQHandler ; TIM1



ARM Macro Assembler    Page 5 


                                                             Update and TIM10  
                                                                           
  120 000000A8 00000000        DCD              TIM1_TRG_COM_TIM11_IRQHandler ;
                                                             TIM1 Trigger and C
                                                            ommutation and TIM1
                                                            1
  121 000000AC 00000000        DCD              TIM1_CC_IRQHandler ; TIM1 Captu
                                                            re Compare         
                                                                               
                                                                   
  122 000000B0 00000000        DCD              TIM2_IRQHandler ; TIM2         
                                                                               
                                                                            
  123 000000B4 00000000        DCD              TIM3_IRQHandler ; TIM3         
                                                                               
                                                                            
  124 000000B8 00000000        DCD              TIM4_IRQHandler ; TIM4         
                                                                               
                                                                            
  125 000000BC 00000000        DCD              I2C1_EV_IRQHandler ; I2C1 Event
                                                                               
                                                                               
                                                                   
  126 000000C0 00000000        DCD              I2C1_ER_IRQHandler ; I2C1 Error
                                                                               
                                                                               
                                                                   
  127 000000C4 00000000        DCD              I2C2_EV_IRQHandler ; I2C2 Event
                                                                               
                                                                               
                                                                   
  128 000000C8 00000000        DCD              I2C2_ER_IRQHandler ; I2C2 Error
                                                                               
                                                                               
                                                                     
  129 000000CC 00000000        DCD              SPI1_IRQHandler ; SPI1         
                                                                               
                                                                            
  130 000000D0 00000000        DCD              SPI2_IRQHandler ; SPI2         
                                                                               
                                                                            
  131 000000D4 00000000        DCD              USART1_IRQHandler ; USART1     
                                                                               
                                                                              
  132 000000D8 00000000        DCD              USART2_IRQHandler ; USART2     
                                                                               
                                                                              
  133 000000DC 00000000        DCD              0           ; Reserved         
                                                                               
                                                                          
  134 000000E0 00000000        DCD              EXTI15_10_IRQHandler ; External
                                                             Line[15:10]s      
                                                                               
                                                                     
  135 000000E4 00000000        DCD              RTC_Alarm_IRQHandler ; RTC Alar
                                                            m (A and B) through
                                                             EXTI Line         
                                                                     
  136 000000E8 00000000        DCD              OTG_FS_WKUP_IRQHandler ; USB OT



ARM Macro Assembler    Page 6 


                                                            G FS Wakeup through
                                                             EXTI line         
                                                                           
  137 000000EC 00000000        DCD              0           ; Reserved         
                                                                     
  138 000000F0 00000000        DCD              0           ; Reserved         
                                                                    
  139 000000F4 00000000        DCD              0           ; Reserved
  140 000000F8 00000000        DCD              0           ; Reserved         
                                                                               
                                                                   
  141 000000FC 00000000        DCD              DMA1_Stream7_IRQHandler ; DMA1 
                                                            Stream7            
                                                                               
                                                                        
  142 00000100 00000000        DCD              0           ; Reserved         
                                                                               
                                                                             
  143 00000104 00000000        DCD              SDIO_IRQHandler ; SDIO         
                                                                               
                                                                            
  144 00000108 00000000        DCD              TIM5_IRQHandler ; TIM5         
                                                                               
                                                                            
  145 0000010C 00000000        DCD              SPI3_IRQHandler ; SPI3         
                                                                               
                                                                            
  146 00000110 00000000        DCD              0           ; Reserved         
                                                                               
                                                                           
  147 00000114 00000000        DCD              0           ; Reserved         
                                                                               
                                                                           
  148 00000118 00000000        DCD              0           ; Reserved         
                                                                      
  149 0000011C 00000000        DCD              0           ; Reserved         
                                                                      
  150 00000120 00000000        DCD              DMA2_Stream0_IRQHandler ; DMA2 
                                                            Stream 0           
                                                                               
                                                                 
  151 00000124 00000000        DCD              DMA2_Stream1_IRQHandler ; DMA2 
                                                            Stream 1           
                                                                               
                                                                 
  152 00000128 00000000        DCD              DMA2_Stream2_IRQHandler ; DMA2 
                                                            Stream 2           
                                                                               
                                                                 
  153 0000012C 00000000        DCD              DMA2_Stream3_IRQHandler ; DMA2 
                                                            Stream 3           
                                                                               
                                                                 
  154 00000130 00000000        DCD              DMA2_Stream4_IRQHandler 
                                                            ; DMA2 Stream 4
  155 00000134 00000000        DCD              0           ; Reserved  
  156 00000138 00000000        DCD              0           ; Reserved  
  157 0000013C 00000000        DCD              0           ; Reserved         
                                                                               



ARM Macro Assembler    Page 7 


                                                                              
  158 00000140 00000000        DCD              0           ; Reserved         
                                                                               
                                                                               
                                                            
  159 00000144 00000000        DCD              0           ; Reserved         
                                                                               
                                                                               
                                                            
  160 00000148 00000000        DCD              0           ; Reserved         
                                                                               
                                                                               
                                                            
  161 0000014C 00000000        DCD              OTG_FS_IRQHandler ; USB OTG FS 
                                                                               
                                                                              
  162 00000150 00000000        DCD              DMA2_Stream5_IRQHandler ; DMA2 
                                                            Stream 5           
                                                                               
                                                                 
  163 00000154 00000000        DCD              DMA2_Stream6_IRQHandler ; DMA2 
                                                            Stream 6           
                                                                               
                                                                 
  164 00000158 00000000        DCD              DMA2_Stream7_IRQHandler ; DMA2 
                                                            Stream 7           
                                                                               
                                                                 
  165 0000015C 00000000        DCD              USART6_IRQHandler ; USART6     
                                                                               
                                                                               
                                                            
  166 00000160 00000000        DCD              I2C3_EV_IRQHandler ; I2C3 event
                                                                               
                                                                               
                                                                   
  167 00000164 00000000        DCD              I2C3_ER_IRQHandler ; I2C3 error
                                                                               
                                                                               
                                                                   
  168 00000168 00000000        DCD              0           ; Reserved         
                                                                        
  169 0000016C 00000000        DCD              0           ; Reserved         
                                                                          
  170 00000170 00000000        DCD              0           ; Reserved         
                                                                            
  171 00000174 00000000        DCD              0           ; Reserved         
                                                                               
                                                                    
  172 00000178 00000000        DCD              0           ; Reserved  
  173 0000017C 00000000        DCD              0           ; Reserved         
                                                                               
                                                                  
  174 00000180 00000000        DCD              0           ; Reserved
  175 00000184 00000000        DCD              FPU_IRQHandler ; FPU
  176 00000188 00000000        DCD              0           ; Reserved
  177 0000018C 00000000        DCD              0           ; Reserved
  178 00000190 00000000        DCD              SPI4_IRQHandler ; SPI4
  179 00000194 00000000        DCD              SPI5_IRQHandler ; SPI5



ARM Macro Assembler    Page 8 


  180 00000198         
  181 00000198         __Vectors_End
  182 00000198         
  183 00000198 00000198 
                       __Vectors_Size
                               EQU              __Vectors_End - __Vectors
  184 00000198         
  185 00000198                 AREA             |.text|, CODE, READONLY
  186 00000000         
  187 00000000         ; Reset handler
  188 00000000         Reset_Handler
                               PROC
  189 00000000                 EXPORT           Reset_Handler             [WEAK
]
  190 00000000                 IMPORT           SystemInit
  191 00000000                 IMPORT           __main
  192 00000000         
  193 00000000 4809            LDR              R0, =SystemInit
  194 00000002 4780            BLX              R0
  195 00000004 4809            LDR              R0, =__main
  196 00000006 4700            BX               R0
  197 00000008                 ENDP
  198 00000008         
  199 00000008         ; Dummy Exception Handlers (infinite loops which can be 
                       modified)
  200 00000008         
  201 00000008         NMI_Handler
                               PROC
  202 00000008                 EXPORT           NMI_Handler                [WEA
K]
  203 00000008 E7FE            B                .
  204 0000000A                 ENDP
  206 0000000A         HardFault_Handler
                               PROC
  207 0000000A                 EXPORT           HardFault_Handler          [WEA
K]
  208 0000000A E7FE            B                .
  209 0000000C                 ENDP
  211 0000000C         MemManage_Handler
                               PROC
  212 0000000C                 EXPORT           MemManage_Handler          [WEA
K]
  213 0000000C E7FE            B                .
  214 0000000E                 ENDP
  216 0000000E         BusFault_Handler
                               PROC
  217 0000000E                 EXPORT           BusFault_Handler           [WEA
K]
  218 0000000E E7FE            B                .
  219 00000010                 ENDP
  221 00000010         UsageFault_Handler
                               PROC
  222 00000010                 EXPORT           UsageFault_Handler         [WEA
K]
  223 00000010 E7FE            B                .
  224 00000012                 ENDP
  225 00000012         SVC_Handler
                               PROC
  226 00000012                 EXPORT           SVC_Handler                [WEA



ARM Macro Assembler    Page 9 


K]
  227 00000012 E7FE            B                .
  228 00000014                 ENDP
  230 00000014         DebugMon_Handler
                               PROC
  231 00000014                 EXPORT           DebugMon_Handler           [WEA
K]
  232 00000014 E7FE            B                .
  233 00000016                 ENDP
  234 00000016         PendSV_Handler
                               PROC
  235 00000016                 EXPORT           PendSV_Handler             [WEA
K]
  236 00000016 E7FE            B                .
  237 00000018                 ENDP
  238 00000018         SysTick_Handler
                               PROC
  239 00000018                 EXPORT           SysTick_Handler            [WEA
K]
  240 00000018 E7FE            B                .
  241 0000001A                 ENDP
  242 0000001A         
  243 0000001A         Default_Handler
                               PROC
  244 0000001A         
  245 0000001A                 EXPORT           WWDG_IRQHandler                
   [WEAK]
  246 0000001A                 EXPORT           PVD_IRQHandler                 
   [WEAK]
  247 0000001A                 EXPORT           TAMP_STAMP_IRQHandler          
   [WEAK]
  248 0000001A                 EXPORT           RTC_WKUP_IRQHandler            
   [WEAK]
  249 0000001A                 EXPORT           FLASH_IRQHandler               
   [WEAK]
  250 0000001A                 EXPORT           RCC_IRQHandler                 
   [WEAK]
  251 0000001A                 EXPORT           EXTI0_IRQHandler               
   [WEAK]
  252 0000001A                 EXPORT           EXTI1_IRQHandler               
   [WEAK]
  253 0000001A                 EXPORT           EXTI2_IRQHandler               
   [WEAK]
  254 0000001A                 EXPORT           EXTI3_IRQHandler               
   [WEAK]
  255 0000001A                 EXPORT           EXTI4_IRQHandler               
   [WEAK]
  256 0000001A                 EXPORT           DMA1_Stream0_IRQHandler        
   [WEAK]
  257 0000001A                 EXPORT           DMA1_Stream1_IRQHandler        
   [WEAK]
  258 0000001A                 EXPORT           DMA1_Stream2_IRQHandler        
   [WEAK]
  259 0000001A                 EXPORT           DMA1_Stream3_IRQHandler        
   [WEAK]
  260 0000001A                 EXPORT           DMA1_Stream4_IRQHandler        
   [WEAK]
  261 0000001A                 EXPORT           DMA1_Stream5_IRQHandler        
   [WEAK]



ARM Macro Assembler    Page 10 


  262 0000001A                 EXPORT           DMA1_Stream6_IRQHandler        
   [WEAK]
  263 0000001A                 EXPORT           ADC_IRQHandler                 
   [WEAK]
  264 0000001A                 EXPORT           EXTI9_5_IRQHandler             
   [WEAK]
  265 0000001A                 EXPORT           TIM1_BRK_TIM9_IRQHandler       
   [WEAK]
  266 0000001A                 EXPORT           TIM1_UP_TIM10_IRQHandler       
   [WEAK]
  267 0000001A                 EXPORT           TIM1_TRG_COM_TIM11_IRQHandler  
   [WEAK]
  268 0000001A                 EXPORT           TIM1_CC_IRQHandler             
   [WEAK]
  269 0000001A                 EXPORT           TIM2_IRQHandler                
   [WEAK]
  270 0000001A                 EXPORT           TIM3_IRQHandler                
   [WEAK]
  271 0000001A                 EXPORT           TIM4_IRQHandler                
   [WEAK]
  272 0000001A                 EXPORT           I2C1_EV_IRQHandler             
   [WEAK]
  273 0000001A                 EXPORT           I2C1_ER_IRQHandler             
   [WEAK]
  274 0000001A                 EXPORT           I2C2_EV_IRQHandler             
   [WEAK]
  275 0000001A                 EXPORT           I2C2_ER_IRQHandler             
   [WEAK]
  276 0000001A                 EXPORT           SPI1_IRQHandler                
   [WEAK]
  277 0000001A                 EXPORT           SPI2_IRQHandler                
   [WEAK]
  278 0000001A                 EXPORT           USART1_IRQHandler              
   [WEAK]
  279 0000001A                 EXPORT           USART2_IRQHandler              
   [WEAK]
  280 0000001A                 EXPORT           EXTI15_10_IRQHandler           
   [WEAK]
  281 0000001A                 EXPORT           RTC_Alarm_IRQHandler           
   [WEAK]
  282 0000001A                 EXPORT           OTG_FS_WKUP_IRQHandler         
   [WEAK]
  283 0000001A                 EXPORT           DMA1_Stream7_IRQHandler        
   [WEAK]
  284 0000001A                 EXPORT           SDIO_IRQHandler                
   [WEAK]
  285 0000001A                 EXPORT           TIM5_IRQHandler                
   [WEAK]
  286 0000001A                 EXPORT           SPI3_IRQHandler                
   [WEAK]
  287 0000001A                 EXPORT           DMA2_Stream0_IRQHandler        
   [WEAK]
  288 0000001A                 EXPORT           DMA2_Stream1_IRQHandler        
   [WEAK]
  289 0000001A                 EXPORT           DMA2_Stream2_IRQHandler        
   [WEAK]
  290 0000001A                 EXPORT           DMA2_Stream3_IRQHandler        
   [WEAK]
  291 0000001A                 EXPORT           DMA2_Stream4_IRQHandler        



ARM Macro Assembler    Page 11 


   [WEAK]
  292 0000001A                 EXPORT           OTG_FS_IRQHandler              
   [WEAK]
  293 0000001A                 EXPORT           DMA2_Stream5_IRQHandler        
   [WEAK]
  294 0000001A                 EXPORT           DMA2_Stream6_IRQHandler        
   [WEAK]
  295 0000001A                 EXPORT           DMA2_Stream7_IRQHandler        
   [WEAK]
  296 0000001A                 EXPORT           USART6_IRQHandler              
   [WEAK]
  297 0000001A                 EXPORT           I2C3_EV_IRQHandler             
   [WEAK]
  298 0000001A                 EXPORT           I2C3_ER_IRQHandler             
   [WEAK]
  299 0000001A                 EXPORT           FPU_IRQHandler                 
   [WEAK]
  300 0000001A                 EXPORT           SPI4_IRQHandler                
   [WEAK]
  301 0000001A                 EXPORT           SPI5_IRQHandler                
   [WEAK]
  302 0000001A         
  303 0000001A         WWDG_IRQHandler
  304 0000001A         PVD_IRQHandler
  305 0000001A         TAMP_STAMP_IRQHandler
  306 0000001A         RTC_WKUP_IRQHandler
  307 0000001A         FLASH_IRQHandler
  308 0000001A         RCC_IRQHandler
  309 0000001A         EXTI0_IRQHandler
  310 0000001A         EXTI1_IRQHandler
  311 0000001A         EXTI2_IRQHandler
  312 0000001A         EXTI3_IRQHandler
  313 0000001A         EXTI4_IRQHandler
  314 0000001A         DMA1_Stream0_IRQHandler
  315 0000001A         DMA1_Stream1_IRQHandler
  316 0000001A         DMA1_Stream2_IRQHandler
  317 0000001A         DMA1_Stream3_IRQHandler
  318 0000001A         DMA1_Stream4_IRQHandler
  319 0000001A         DMA1_Stream5_IRQHandler
  320 0000001A         DMA1_Stream6_IRQHandler
  321 0000001A         ADC_IRQHandler
  322 0000001A         EXTI9_5_IRQHandler
  323 0000001A         TIM1_BRK_TIM9_IRQHandler
  324 0000001A         TIM1_UP_TIM10_IRQHandler
  325 0000001A         TIM1_TRG_COM_TIM11_IRQHandler
  326 0000001A         TIM1_CC_IRQHandler
  327 0000001A         TIM2_IRQHandler
  328 0000001A         TIM3_IRQHandler
  329 0000001A         TIM4_IRQHandler
  330 0000001A         I2C1_EV_IRQHandler
  331 0000001A         I2C1_ER_IRQHandler
  332 0000001A         I2C2_EV_IRQHandler
  333 0000001A         I2C2_ER_IRQHandler
  334 0000001A         SPI1_IRQHandler
  335 0000001A         SPI2_IRQHandler
  336 0000001A         USART1_IRQHandler
  337 0000001A         USART2_IRQHandler
  338 0000001A         EXTI15_10_IRQHandler
  339 0000001A         RTC_Alarm_IRQHandler



ARM Macro Assembler    Page 12 


  340 0000001A         OTG_FS_WKUP_IRQHandler
  341 0000001A         DMA1_Stream7_IRQHandler
  342 0000001A         SDIO_IRQHandler
  343 0000001A         TIM5_IRQHandler
  344 0000001A         SPI3_IRQHandler
  345 0000001A         DMA2_Stream0_IRQHandler
  346 0000001A         DMA2_Stream1_IRQHandler
  347 0000001A         DMA2_Stream2_IRQHandler
  348 0000001A         DMA2_Stream3_IRQHandler
  349 0000001A         DMA2_Stream4_IRQHandler
  350 0000001A         OTG_FS_IRQHandler
  351 0000001A         DMA2_Stream5_IRQHandler
  352 0000001A         DMA2_Stream6_IRQHandler
  353 0000001A         DMA2_Stream7_IRQHandler
  354 0000001A         USART6_IRQHandler
  355 0000001A         I2C3_EV_IRQHandler
  356 0000001A         I2C3_ER_IRQHandler
  357 0000001A         FPU_IRQHandler
  358 0000001A         SPI4_IRQHandler
  359 0000001A         SPI5_IRQHandler
  360 0000001A         
  361 0000001A E7FE            B                .
  362 0000001C         
  363 0000001C                 ENDP
  364 0000001C         
  365 0000001C                 ALIGN
  366 0000001C         
  367 0000001C         ;*******************************************************
                       ************************
  368 0000001C         ; User Stack and Heap initialization
  369 0000001C         ;*******************************************************
                       ************************
  370 0000001C                 IF               :DEF:__MICROLIB
  377 0000001C         
  378 0000001C                 IMPORT           __use_two_region_memory
  379 0000001C                 EXPORT           __user_initial_stackheap
  380 0000001C         
  381 0000001C         __user_initial_stackheap
  382 0000001C         
  383 0000001C 4804            LDR              R0, =  Heap_Mem
  384 0000001E 4905            LDR              R1, =(Stack_Mem + Stack_Size)
  385 00000020 4A05            LDR              R2, = (Heap_Mem +  Heap_Size)
  386 00000022 4B06            LDR              R3, = Stack_Mem
  387 00000024 4770            BX               LR
  388 00000026         
  389 00000026 00 00           ALIGN
  390 00000028         
  391 00000028                 ENDIF
  392 00000028         
  393 00000028                 END
              00000000 
              00000000 
              00000000 
              00000800 
              00000800 
              00000000 
Command Line: --debug --xref --diag_suppress=9931 --cpu=Cortex-M4.fp --apcs=int
erwork --depend=.\objects\startup_stm32f411xe.d -o.\objects\startup_stm32f411xe
.o -I.\RTE\_WatchX -ID:\Keil_v5\ARM\PACK\ARM\CMSIS\5.6.0\CMSIS\Core\Include -ID



ARM Macro Assembler    Page 13 


:\Keil_v5\ARM\PACK\Keil\STM32F4xx_DFP\2.13.0\Drivers\CMSIS\Device\ST\STM32F4xx\
Include --predefine="__UVISION_VERSION SETA 525" --predefine="_RTE_ SETA 1" --p
redefine="STM32F411xE SETA 1" --list=.\listings\startup_stm32f411xe.lst ..\Core
\CMSIS\Device\ST\STM32F4xx\Source\Templates\arm\startup_stm32f411xe.s



ARM Macro Assembler    Page 1 Alphabetic symbol ordering
Relocatable symbols

STACK 00000000

Symbol: STACK
   Definitions
      At line 50 in file ..\Core\CMSIS\Device\ST\STM32F4xx\Source\Templates\arm
\startup_stm32f411xe.s
   Uses
      None
Comment: STACK unused
Stack_Mem 00000000

Symbol: Stack_Mem
   Definitions
      At line 51 in file ..\Core\CMSIS\Device\ST\STM32F4xx\Source\Templates\arm
\startup_stm32f411xe.s
   Uses
      At line 384 in file ..\Core\CMSIS\Device\ST\STM32F4xx\Source\Templates\ar
m\startup_stm32f411xe.s
      At line 386 in file ..\Core\CMSIS\Device\ST\STM32F4xx\Source\Templates\ar
m\startup_stm32f411xe.s

__initial_sp 00000800

Symbol: __initial_sp
   Definitions
      At line 52 in file ..\Core\CMSIS\Device\ST\STM32F4xx\Source\Templates\arm
\startup_stm32f411xe.s
   Uses
      At line 76 in file ..\Core\CMSIS\Device\ST\STM32F4xx\Source\Templates\arm
\startup_stm32f411xe.s
Comment: __initial_sp used once
3 symbols



ARM Macro Assembler    Page 1 Alphabetic symbol ordering
Relocatable symbols

HEAP 00000000

Symbol: HEAP
   Definitions
      At line 61 in file ..\Core\CMSIS\Device\ST\STM32F4xx\Source\Templates\arm
\startup_stm32f411xe.s
   Uses
      None
Comment: HEAP unused
Heap_Mem 00000000

Symbol: Heap_Mem
   Definitions
      At line 63 in file ..\Core\CMSIS\Device\ST\STM32F4xx\Source\Templates\arm
\startup_stm32f411xe.s
   Uses
      At line 383 in file ..\Core\CMSIS\Device\ST\STM32F4xx\Source\Templates\ar
m\startup_stm32f411xe.s
      At line 385 in file ..\Core\CMSIS\Device\ST\STM32F4xx\Source\Templates\ar
m\startup_stm32f411xe.s

__heap_base 00000000

Symbol: __heap_base
   Definitions
      At line 62 in file ..\Core\CMSIS\Device\ST\STM32F4xx\Source\Templates\arm
\startup_stm32f411xe.s
   Uses
      None
Comment: __heap_base unused
__heap_limit 00000800

Symbol: __heap_limit
   Definitions
      At line 64 in file ..\Core\CMSIS\Device\ST\STM32F4xx\Source\Templates\arm
\startup_stm32f411xe.s
   Uses
      None
Comment: __heap_limit unused
4 symbols



ARM Macro Assembler    Page 1 Alphabetic symbol ordering
Relocatable symbols

RESET 00000000

Symbol: RESET
   Definitions
      At line 71 in file ..\Core\CMSIS\Device\ST\STM32F4xx\Source\Templates\arm
\startup_stm32f411xe.s
   Uses
      None
Comment: RESET unused
__Vectors 00000000

Symbol: __Vectors
   Definitions
      At line 76 in file ..\Core\CMSIS\Device\ST\STM32F4xx\Source\Templates\arm
\startup_stm32f411xe.s
   Uses
      At line 72 in file ..\Core\CMSIS\Device\ST\STM32F4xx\Source\Templates\arm
\startup_stm32f411xe.s
      At line 183 in file ..\Core\CMSIS\Device\ST\STM32F4xx\Source\Templates\ar
m\startup_stm32f411xe.s

__Vectors_End 00000198

Symbol: __Vectors_End
   Definitions
      At line 181 in file ..\Core\CMSIS\Device\ST\STM32F4xx\Source\Templates\ar
m\startup_stm32f411xe.s
   Uses
      At line 73 in file ..\Core\CMSIS\Device\ST\STM32F4xx\Source\Templates\arm
\startup_stm32f411xe.s
      At line 183 in file ..\Core\CMSIS\Device\ST\STM32F4xx\Source\Templates\ar
m\startup_stm32f411xe.s

3 symbols



ARM Macro Assembler    Page 1 Alphabetic symbol ordering
Relocatable symbols

.text 00000000

Symbol: .text
   Definitions
      At line 185 in file ..\Core\CMSIS\Device\ST\STM32F4xx\Source\Templates\ar
m\startup_stm32f411xe.s
   Uses
      None
Comment: .text unused
ADC_IRQHandler 0000001A

Symbol: ADC_IRQHandler
   Definitions
      At line 321 in file ..\Core\CMSIS\Device\ST\STM32F4xx\Source\Templates\ar
m\startup_stm32f411xe.s
   Uses
      At line 112 in file ..\Core\CMSIS\Device\ST\STM32F4xx\Source\Templates\ar
m\startup_stm32f411xe.s
      At line 263 in file ..\Core\CMSIS\Device\ST\STM32F4xx\Source\Templates\ar
m\startup_stm32f411xe.s

BusFault_Handler 0000000E

Symbol: BusFault_Handler
   Definitions
      At line 216 in file ..\Core\CMSIS\Device\ST\STM32F4xx\Source\Templates\ar
m\startup_stm32f411xe.s
   Uses
      At line 81 in file ..\Core\CMSIS\Device\ST\STM32F4xx\Source\Templates\arm
\startup_stm32f411xe.s
      At line 217 in file ..\Core\CMSIS\Device\ST\STM32F4xx\Source\Templates\ar
m\startup_stm32f411xe.s

DMA1_Stream0_IRQHandler 0000001A

Symbol: DMA1_Stream0_IRQHandler
   Definitions
      At line 314 in file ..\Core\CMSIS\Device\ST\STM32F4xx\Source\Templates\ar
m\startup_stm32f411xe.s
   Uses
      At line 105 in file ..\Core\CMSIS\Device\ST\STM32F4xx\Source\Templates\ar
m\startup_stm32f411xe.s
      At line 256 in file ..\Core\CMSIS\Device\ST\STM32F4xx\Source\Templates\ar
m\startup_stm32f411xe.s

DMA1_Stream1_IRQHandler 0000001A

Symbol: DMA1_Stream1_IRQHandler
   Definitions
      At line 315 in file ..\Core\CMSIS\Device\ST\STM32F4xx\Source\Templates\ar
m\startup_stm32f411xe.s
   Uses
      At line 106 in file ..\Core\CMSIS\Device\ST\STM32F4xx\Source\Templates\ar
m\startup_stm32f411xe.s
      At line 257 in file ..\Core\CMSIS\Device\ST\STM32F4xx\Source\Templates\ar
m\startup_stm32f411xe.s

DMA1_Stream2_IRQHandler 0000001A




ARM Macro Assembler    Page 2 Alphabetic symbol ordering
Relocatable symbols

Symbol: DMA1_Stream2_IRQHandler
   Definitions
      At line 316 in file ..\Core\CMSIS\Device\ST\STM32F4xx\Source\Templates\ar
m\startup_stm32f411xe.s
   Uses
      At line 107 in file ..\Core\CMSIS\Device\ST\STM32F4xx\Source\Templates\ar
m\startup_stm32f411xe.s
      At line 258 in file ..\Core\CMSIS\Device\ST\STM32F4xx\Source\Templates\ar
m\startup_stm32f411xe.s

DMA1_Stream3_IRQHandler 0000001A

Symbol: DMA1_Stream3_IRQHandler
   Definitions
      At line 317 in file ..\Core\CMSIS\Device\ST\STM32F4xx\Source\Templates\ar
m\startup_stm32f411xe.s
   Uses
      At line 108 in file ..\Core\CMSIS\Device\ST\STM32F4xx\Source\Templates\ar
m\startup_stm32f411xe.s
      At line 259 in file ..\Core\CMSIS\Device\ST\STM32F4xx\Source\Templates\ar
m\startup_stm32f411xe.s

DMA1_Stream4_IRQHandler 0000001A

Symbol: DMA1_Stream4_IRQHandler
   Definitions
      At line 318 in file ..\Core\CMSIS\Device\ST\STM32F4xx\Source\Templates\ar
m\startup_stm32f411xe.s
   Uses
      At line 109 in file ..\Core\CMSIS\Device\ST\STM32F4xx\Source\Templates\ar
m\startup_stm32f411xe.s
      At line 260 in file ..\Core\CMSIS\Device\ST\STM32F4xx\Source\Templates\ar
m\startup_stm32f411xe.s

DMA1_Stream5_IRQHandler 0000001A

Symbol: DMA1_Stream5_IRQHandler
   Definitions
      At line 319 in file ..\Core\CMSIS\Device\ST\STM32F4xx\Source\Templates\ar
m\startup_stm32f411xe.s
   Uses
      At line 110 in file ..\Core\CMSIS\Device\ST\STM32F4xx\Source\Templates\ar
m\startup_stm32f411xe.s
      At line 261 in file ..\Core\CMSIS\Device\ST\STM32F4xx\Source\Templates\ar
m\startup_stm32f411xe.s

DMA1_Stream6_IRQHandler 0000001A

Symbol: DMA1_Stream6_IRQHandler
   Definitions
      At line 320 in file ..\Core\CMSIS\Device\ST\STM32F4xx\Source\Templates\ar
m\startup_stm32f411xe.s
   Uses
      At line 111 in file ..\Core\CMSIS\Device\ST\STM32F4xx\Source\Templates\ar
m\startup_stm32f411xe.s
      At line 262 in file ..\Core\CMSIS\Device\ST\STM32F4xx\Source\Templates\ar
m\startup_stm32f411xe.s

DMA1_Stream7_IRQHandler 0000001A



ARM Macro Assembler    Page 3 Alphabetic symbol ordering
Relocatable symbols


Symbol: DMA1_Stream7_IRQHandler
   Definitions
      At line 341 in file ..\Core\CMSIS\Device\ST\STM32F4xx\Source\Templates\ar
m\startup_stm32f411xe.s
   Uses
      At line 141 in file ..\Core\CMSIS\Device\ST\STM32F4xx\Source\Templates\ar
m\startup_stm32f411xe.s
      At line 283 in file ..\Core\CMSIS\Device\ST\STM32F4xx\Source\Templates\ar
m\startup_stm32f411xe.s

DMA2_Stream0_IRQHandler 0000001A

Symbol: DMA2_Stream0_IRQHandler
   Definitions
      At line 345 in file ..\Core\CMSIS\Device\ST\STM32F4xx\Source\Templates\ar
m\startup_stm32f411xe.s
   Uses
      At line 150 in file ..\Core\CMSIS\Device\ST\STM32F4xx\Source\Templates\ar
m\startup_stm32f411xe.s
      At line 287 in file ..\Core\CMSIS\Device\ST\STM32F4xx\Source\Templates\ar
m\startup_stm32f411xe.s

DMA2_Stream1_IRQHandler 0000001A

Symbol: DMA2_Stream1_IRQHandler
   Definitions
      At line 346 in file ..\Core\CMSIS\Device\ST\STM32F4xx\Source\Templates\ar
m\startup_stm32f411xe.s
   Uses
      At line 151 in file ..\Core\CMSIS\Device\ST\STM32F4xx\Source\Templates\ar
m\startup_stm32f411xe.s
      At line 288 in file ..\Core\CMSIS\Device\ST\STM32F4xx\Source\Templates\ar
m\startup_stm32f411xe.s

DMA2_Stream2_IRQHandler 0000001A

Symbol: DMA2_Stream2_IRQHandler
   Definitions
      At line 347 in file ..\Core\CMSIS\Device\ST\STM32F4xx\Source\Templates\ar
m\startup_stm32f411xe.s
   Uses
      At line 152 in file ..\Core\CMSIS\Device\ST\STM32F4xx\Source\Templates\ar
m\startup_stm32f411xe.s
      At line 289 in file ..\Core\CMSIS\Device\ST\STM32F4xx\Source\Templates\ar
m\startup_stm32f411xe.s

DMA2_Stream3_IRQHandler 0000001A

Symbol: DMA2_Stream3_IRQHandler
   Definitions
      At line 348 in file ..\Core\CMSIS\Device\ST\STM32F4xx\Source\Templates\ar
m\startup_stm32f411xe.s
   Uses
      At line 153 in file ..\Core\CMSIS\Device\ST\STM32F4xx\Source\Templates\ar
m\startup_stm32f411xe.s
      At line 290 in file ..\Core\CMSIS\Device\ST\STM32F4xx\Source\Templates\ar
m\startup_stm32f411xe.s




ARM Macro Assembler    Page 4 Alphabetic symbol ordering
Relocatable symbols

DMA2_Stream4_IRQHandler 0000001A

Symbol: DMA2_Stream4_IRQHandler
   Definitions
      At line 349 in file ..\Core\CMSIS\Device\ST\STM32F4xx\Source\Templates\ar
m\startup_stm32f411xe.s
   Uses
      At line 154 in file ..\Core\CMSIS\Device\ST\STM32F4xx\Source\Templates\ar
m\startup_stm32f411xe.s
      At line 291 in file ..\Core\CMSIS\Device\ST\STM32F4xx\Source\Templates\ar
m\startup_stm32f411xe.s

DMA2_Stream5_IRQHandler 0000001A

Symbol: DMA2_Stream5_IRQHandler
   Definitions
      At line 351 in file ..\Core\CMSIS\Device\ST\STM32F4xx\Source\Templates\ar
m\startup_stm32f411xe.s
   Uses
      At line 162 in file ..\Core\CMSIS\Device\ST\STM32F4xx\Source\Templates\ar
m\startup_stm32f411xe.s
      At line 293 in file ..\Core\CMSIS\Device\ST\STM32F4xx\Source\Templates\ar
m\startup_stm32f411xe.s

DMA2_Stream6_IRQHandler 0000001A

Symbol: DMA2_Stream6_IRQHandler
   Definitions
      At line 352 in file ..\Core\CMSIS\Device\ST\STM32F4xx\Source\Templates\ar
m\startup_stm32f411xe.s
   Uses
      At line 163 in file ..\Core\CMSIS\Device\ST\STM32F4xx\Source\Templates\ar
m\startup_stm32f411xe.s
      At line 294 in file ..\Core\CMSIS\Device\ST\STM32F4xx\Source\Templates\ar
m\startup_stm32f411xe.s

DMA2_Stream7_IRQHandler 0000001A

Symbol: DMA2_Stream7_IRQHandler
   Definitions
      At line 353 in file ..\Core\CMSIS\Device\ST\STM32F4xx\Source\Templates\ar
m\startup_stm32f411xe.s
   Uses
      At line 164 in file ..\Core\CMSIS\Device\ST\STM32F4xx\Source\Templates\ar
m\startup_stm32f411xe.s
      At line 295 in file ..\Core\CMSIS\Device\ST\STM32F4xx\Source\Templates\ar
m\startup_stm32f411xe.s

DebugMon_Handler 00000014

Symbol: DebugMon_Handler
   Definitions
      At line 230 in file ..\Core\CMSIS\Device\ST\STM32F4xx\Source\Templates\ar
m\startup_stm32f411xe.s
   Uses
      At line 88 in file ..\Core\CMSIS\Device\ST\STM32F4xx\Source\Templates\arm
\startup_stm32f411xe.s
      At line 231 in file ..\Core\CMSIS\Device\ST\STM32F4xx\Source\Templates\ar
m\startup_stm32f411xe.s



ARM Macro Assembler    Page 5 Alphabetic symbol ordering
Relocatable symbols


Default_Handler 0000001A

Symbol: Default_Handler
   Definitions
      At line 243 in file ..\Core\CMSIS\Device\ST\STM32F4xx\Source\Templates\ar
m\startup_stm32f411xe.s
   Uses
      None
Comment: Default_Handler unused
EXTI0_IRQHandler 0000001A

Symbol: EXTI0_IRQHandler
   Definitions
      At line 309 in file ..\Core\CMSIS\Device\ST\STM32F4xx\Source\Templates\ar
m\startup_stm32f411xe.s
   Uses
      At line 100 in file ..\Core\CMSIS\Device\ST\STM32F4xx\Source\Templates\ar
m\startup_stm32f411xe.s
      At line 251 in file ..\Core\CMSIS\Device\ST\STM32F4xx\Source\Templates\ar
m\startup_stm32f411xe.s

EXTI15_10_IRQHandler 0000001A

Symbol: EXTI15_10_IRQHandler
   Definitions
      At line 338 in file ..\Core\CMSIS\Device\ST\STM32F4xx\Source\Templates\ar
m\startup_stm32f411xe.s
   Uses
      At line 134 in file ..\Core\CMSIS\Device\ST\STM32F4xx\Source\Templates\ar
m\startup_stm32f411xe.s
      At line 280 in file ..\Core\CMSIS\Device\ST\STM32F4xx\Source\Templates\ar
m\startup_stm32f411xe.s

EXTI1_IRQHandler 0000001A

Symbol: EXTI1_IRQHandler
   Definitions
      At line 310 in file ..\Core\CMSIS\Device\ST\STM32F4xx\Source\Templates\ar
m\startup_stm32f411xe.s
   Uses
      At line 101 in file ..\Core\CMSIS\Device\ST\STM32F4xx\Source\Templates\ar
m\startup_stm32f411xe.s
      At line 252 in file ..\Core\CMSIS\Device\ST\STM32F4xx\Source\Templates\ar
m\startup_stm32f411xe.s

EXTI2_IRQHandler 0000001A

Symbol: EXTI2_IRQHandler
   Definitions
      At line 311 in file ..\Core\CMSIS\Device\ST\STM32F4xx\Source\Templates\ar
m\startup_stm32f411xe.s
   Uses
      At line 102 in file ..\Core\CMSIS\Device\ST\STM32F4xx\Source\Templates\ar
m\startup_stm32f411xe.s
      At line 253 in file ..\Core\CMSIS\Device\ST\STM32F4xx\Source\Templates\ar
m\startup_stm32f411xe.s

EXTI3_IRQHandler 0000001A



ARM Macro Assembler    Page 6 Alphabetic symbol ordering
Relocatable symbols


Symbol: EXTI3_IRQHandler
   Definitions
      At line 312 in file ..\Core\CMSIS\Device\ST\STM32F4xx\Source\Templates\ar
m\startup_stm32f411xe.s
   Uses
      At line 103 in file ..\Core\CMSIS\Device\ST\STM32F4xx\Source\Templates\ar
m\startup_stm32f411xe.s
      At line 254 in file ..\Core\CMSIS\Device\ST\STM32F4xx\Source\Templates\ar
m\startup_stm32f411xe.s

EXTI4_IRQHandler 0000001A

Symbol: EXTI4_IRQHandler
   Definitions
      At line 313 in file ..\Core\CMSIS\Device\ST\STM32F4xx\Source\Templates\ar
m\startup_stm32f411xe.s
   Uses
      At line 104 in file ..\Core\CMSIS\Device\ST\STM32F4xx\Source\Templates\ar
m\startup_stm32f411xe.s
      At line 255 in file ..\Core\CMSIS\Device\ST\STM32F4xx\Source\Templates\ar
m\startup_stm32f411xe.s

EXTI9_5_IRQHandler 0000001A

Symbol: EXTI9_5_IRQHandler
   Definitions
      At line 322 in file ..\Core\CMSIS\Device\ST\STM32F4xx\Source\Templates\ar
m\startup_stm32f411xe.s
   Uses
      At line 117 in file ..\Core\CMSIS\Device\ST\STM32F4xx\Source\Templates\ar
m\startup_stm32f411xe.s
      At line 264 in file ..\Core\CMSIS\Device\ST\STM32F4xx\Source\Templates\ar
m\startup_stm32f411xe.s

FLASH_IRQHandler 0000001A

Symbol: FLASH_IRQHandler
   Definitions
      At line 307 in file ..\Core\CMSIS\Device\ST\STM32F4xx\Source\Templates\ar
m\startup_stm32f411xe.s
   Uses
      At line 98 in file ..\Core\CMSIS\Device\ST\STM32F4xx\Source\Templates\arm
\startup_stm32f411xe.s
      At line 249 in file ..\Core\CMSIS\Device\ST\STM32F4xx\Source\Templates\ar
m\startup_stm32f411xe.s

FPU_IRQHandler 0000001A

Symbol: FPU_IRQHandler
   Definitions
      At line 357 in file ..\Core\CMSIS\Device\ST\STM32F4xx\Source\Templates\ar
m\startup_stm32f411xe.s
   Uses
      At line 175 in file ..\Core\CMSIS\Device\ST\STM32F4xx\Source\Templates\ar
m\startup_stm32f411xe.s
      At line 299 in file ..\Core\CMSIS\Device\ST\STM32F4xx\Source\Templates\ar
m\startup_stm32f411xe.s




ARM Macro Assembler    Page 7 Alphabetic symbol ordering
Relocatable symbols

HardFault_Handler 0000000A

Symbol: HardFault_Handler
   Definitions
      At line 206 in file ..\Core\CMSIS\Device\ST\STM32F4xx\Source\Templates\ar
m\startup_stm32f411xe.s
   Uses
      At line 79 in file ..\Core\CMSIS\Device\ST\STM32F4xx\Source\Templates\arm
\startup_stm32f411xe.s
      At line 207 in file ..\Core\CMSIS\Device\ST\STM32F4xx\Source\Templates\ar
m\startup_stm32f411xe.s

I2C1_ER_IRQHandler 0000001A

Symbol: I2C1_ER_IRQHandler
   Definitions
      At line 331 in file ..\Core\CMSIS\Device\ST\STM32F4xx\Source\Templates\ar
m\startup_stm32f411xe.s
   Uses
      At line 126 in file ..\Core\CMSIS\Device\ST\STM32F4xx\Source\Templates\ar
m\startup_stm32f411xe.s
      At line 273 in file ..\Core\CMSIS\Device\ST\STM32F4xx\Source\Templates\ar
m\startup_stm32f411xe.s

I2C1_EV_IRQHandler 0000001A

Symbol: I2C1_EV_IRQHandler
   Definitions
      At line 330 in file ..\Core\CMSIS\Device\ST\STM32F4xx\Source\Templates\ar
m\startup_stm32f411xe.s
   Uses
      At line 125 in file ..\Core\CMSIS\Device\ST\STM32F4xx\Source\Templates\ar
m\startup_stm32f411xe.s
      At line 272 in file ..\Core\CMSIS\Device\ST\STM32F4xx\Source\Templates\ar
m\startup_stm32f411xe.s

I2C2_ER_IRQHandler 0000001A

Symbol: I2C2_ER_IRQHandler
   Definitions
      At line 333 in file ..\Core\CMSIS\Device\ST\STM32F4xx\Source\Templates\ar
m\startup_stm32f411xe.s
   Uses
      At line 128 in file ..\Core\CMSIS\Device\ST\STM32F4xx\Source\Templates\ar
m\startup_stm32f411xe.s
      At line 275 in file ..\Core\CMSIS\Device\ST\STM32F4xx\Source\Templates\ar
m\startup_stm32f411xe.s

I2C2_EV_IRQHandler 0000001A

Symbol: I2C2_EV_IRQHandler
   Definitions
      At line 332 in file ..\Core\CMSIS\Device\ST\STM32F4xx\Source\Templates\ar
m\startup_stm32f411xe.s
   Uses
      At line 127 in file ..\Core\CMSIS\Device\ST\STM32F4xx\Source\Templates\ar
m\startup_stm32f411xe.s
      At line 274 in file ..\Core\CMSIS\Device\ST\STM32F4xx\Source\Templates\ar
m\startup_stm32f411xe.s



ARM Macro Assembler    Page 8 Alphabetic symbol ordering
Relocatable symbols


I2C3_ER_IRQHandler 0000001A

Symbol: I2C3_ER_IRQHandler
   Definitions
      At line 356 in file ..\Core\CMSIS\Device\ST\STM32F4xx\Source\Templates\ar
m\startup_stm32f411xe.s
   Uses
      At line 167 in file ..\Core\CMSIS\Device\ST\STM32F4xx\Source\Templates\ar
m\startup_stm32f411xe.s
      At line 298 in file ..\Core\CMSIS\Device\ST\STM32F4xx\Source\Templates\ar
m\startup_stm32f411xe.s

I2C3_EV_IRQHandler 0000001A

Symbol: I2C3_EV_IRQHandler
   Definitions
      At line 355 in file ..\Core\CMSIS\Device\ST\STM32F4xx\Source\Templates\ar
m\startup_stm32f411xe.s
   Uses
      At line 166 in file ..\Core\CMSIS\Device\ST\STM32F4xx\Source\Templates\ar
m\startup_stm32f411xe.s
      At line 297 in file ..\Core\CMSIS\Device\ST\STM32F4xx\Source\Templates\ar
m\startup_stm32f411xe.s

MemManage_Handler 0000000C

Symbol: MemManage_Handler
   Definitions
      At line 211 in file ..\Core\CMSIS\Device\ST\STM32F4xx\Source\Templates\ar
m\startup_stm32f411xe.s
   Uses
      At line 80 in file ..\Core\CMSIS\Device\ST\STM32F4xx\Source\Templates\arm
\startup_stm32f411xe.s
      At line 212 in file ..\Core\CMSIS\Device\ST\STM32F4xx\Source\Templates\ar
m\startup_stm32f411xe.s

NMI_Handler 00000008

Symbol: NMI_Handler
   Definitions
      At line 201 in file ..\Core\CMSIS\Device\ST\STM32F4xx\Source\Templates\ar
m\startup_stm32f411xe.s
   Uses
      At line 78 in file ..\Core\CMSIS\Device\ST\STM32F4xx\Source\Templates\arm
\startup_stm32f411xe.s
      At line 202 in file ..\Core\CMSIS\Device\ST\STM32F4xx\Source\Templates\ar
m\startup_stm32f411xe.s

OTG_FS_IRQHandler 0000001A

Symbol: OTG_FS_IRQHandler
   Definitions
      At line 350 in file ..\Core\CMSIS\Device\ST\STM32F4xx\Source\Templates\ar
m\startup_stm32f411xe.s
   Uses
      At line 161 in file ..\Core\CMSIS\Device\ST\STM32F4xx\Source\Templates\ar
m\startup_stm32f411xe.s
      At line 292 in file ..\Core\CMSIS\Device\ST\STM32F4xx\Source\Templates\ar



ARM Macro Assembler    Page 9 Alphabetic symbol ordering
Relocatable symbols

m\startup_stm32f411xe.s

OTG_FS_WKUP_IRQHandler 0000001A

Symbol: OTG_FS_WKUP_IRQHandler
   Definitions
      At line 340 in file ..\Core\CMSIS\Device\ST\STM32F4xx\Source\Templates\ar
m\startup_stm32f411xe.s
   Uses
      At line 136 in file ..\Core\CMSIS\Device\ST\STM32F4xx\Source\Templates\ar
m\startup_stm32f411xe.s
      At line 282 in file ..\Core\CMSIS\Device\ST\STM32F4xx\Source\Templates\ar
m\startup_stm32f411xe.s

PVD_IRQHandler 0000001A

Symbol: PVD_IRQHandler
   Definitions
      At line 304 in file ..\Core\CMSIS\Device\ST\STM32F4xx\Source\Templates\ar
m\startup_stm32f411xe.s
   Uses
      At line 95 in file ..\Core\CMSIS\Device\ST\STM32F4xx\Source\Templates\arm
\startup_stm32f411xe.s
      At line 246 in file ..\Core\CMSIS\Device\ST\STM32F4xx\Source\Templates\ar
m\startup_stm32f411xe.s

PendSV_Handler 00000016

Symbol: PendSV_Handler
   Definitions
      At line 234 in file ..\Core\CMSIS\Device\ST\STM32F4xx\Source\Templates\ar
m\startup_stm32f411xe.s
   Uses
      At line 90 in file ..\Core\CMSIS\Device\ST\STM32F4xx\Source\Templates\arm
\startup_stm32f411xe.s
      At line 235 in file ..\Core\CMSIS\Device\ST\STM32F4xx\Source\Templates\ar
m\startup_stm32f411xe.s

RCC_IRQHandler 0000001A

Symbol: RCC_IRQHandler
   Definitions
      At line 308 in file ..\Core\CMSIS\Device\ST\STM32F4xx\Source\Templates\ar
m\startup_stm32f411xe.s
   Uses
      At line 99 in file ..\Core\CMSIS\Device\ST\STM32F4xx\Source\Templates\arm
\startup_stm32f411xe.s
      At line 250 in file ..\Core\CMSIS\Device\ST\STM32F4xx\Source\Templates\ar
m\startup_stm32f411xe.s

RTC_Alarm_IRQHandler 0000001A

Symbol: RTC_Alarm_IRQHandler
   Definitions
      At line 339 in file ..\Core\CMSIS\Device\ST\STM32F4xx\Source\Templates\ar
m\startup_stm32f411xe.s
   Uses
      At line 135 in file ..\Core\CMSIS\Device\ST\STM32F4xx\Source\Templates\ar
m\startup_stm32f411xe.s



ARM Macro Assembler    Page 10 Alphabetic symbol ordering
Relocatable symbols

      At line 281 in file ..\Core\CMSIS\Device\ST\STM32F4xx\Source\Templates\ar
m\startup_stm32f411xe.s

RTC_WKUP_IRQHandler 0000001A

Symbol: RTC_WKUP_IRQHandler
   Definitions
      At line 306 in file ..\Core\CMSIS\Device\ST\STM32F4xx\Source\Templates\ar
m\startup_stm32f411xe.s
   Uses
      At line 97 in file ..\Core\CMSIS\Device\ST\STM32F4xx\Source\Templates\arm
\startup_stm32f411xe.s
      At line 248 in file ..\Core\CMSIS\Device\ST\STM32F4xx\Source\Templates\ar
m\startup_stm32f411xe.s

Reset_Handler 00000000

Symbol: Reset_Handler
   Definitions
      At line 188 in file ..\Core\CMSIS\Device\ST\STM32F4xx\Source\Templates\ar
m\startup_stm32f411xe.s
   Uses
      At line 77 in file ..\Core\CMSIS\Device\ST\STM32F4xx\Source\Templates\arm
\startup_stm32f411xe.s
      At line 189 in file ..\Core\CMSIS\Device\ST\STM32F4xx\Source\Templates\ar
m\startup_stm32f411xe.s

SDIO_IRQHandler 0000001A

Symbol: SDIO_IRQHandler
   Definitions
      At line 342 in file ..\Core\CMSIS\Device\ST\STM32F4xx\Source\Templates\ar
m\startup_stm32f411xe.s
   Uses
      At line 143 in file ..\Core\CMSIS\Device\ST\STM32F4xx\Source\Templates\ar
m\startup_stm32f411xe.s
      At line 284 in file ..\Core\CMSIS\Device\ST\STM32F4xx\Source\Templates\ar
m\startup_stm32f411xe.s

SPI1_IRQHandler 0000001A

Symbol: SPI1_IRQHandler
   Definitions
      At line 334 in file ..\Core\CMSIS\Device\ST\STM32F4xx\Source\Templates\ar
m\startup_stm32f411xe.s
   Uses
      At line 129 in file ..\Core\CMSIS\Device\ST\STM32F4xx\Source\Templates\ar
m\startup_stm32f411xe.s
      At line 276 in file ..\Core\CMSIS\Device\ST\STM32F4xx\Source\Templates\ar
m\startup_stm32f411xe.s

SPI2_IRQHandler 0000001A

Symbol: SPI2_IRQHandler
   Definitions
      At line 335 in file ..\Core\CMSIS\Device\ST\STM32F4xx\Source\Templates\ar
m\startup_stm32f411xe.s
   Uses
      At line 130 in file ..\Core\CMSIS\Device\ST\STM32F4xx\Source\Templates\ar



ARM Macro Assembler    Page 11 Alphabetic symbol ordering
Relocatable symbols

m\startup_stm32f411xe.s
      At line 277 in file ..\Core\CMSIS\Device\ST\STM32F4xx\Source\Templates\ar
m\startup_stm32f411xe.s

SPI3_IRQHandler 0000001A

Symbol: SPI3_IRQHandler
   Definitions
      At line 344 in file ..\Core\CMSIS\Device\ST\STM32F4xx\Source\Templates\ar
m\startup_stm32f411xe.s
   Uses
      At line 145 in file ..\Core\CMSIS\Device\ST\STM32F4xx\Source\Templates\ar
m\startup_stm32f411xe.s
      At line 286 in file ..\Core\CMSIS\Device\ST\STM32F4xx\Source\Templates\ar
m\startup_stm32f411xe.s

SPI4_IRQHandler 0000001A

Symbol: SPI4_IRQHandler
   Definitions
      At line 358 in file ..\Core\CMSIS\Device\ST\STM32F4xx\Source\Templates\ar
m\startup_stm32f411xe.s
   Uses
      At line 178 in file ..\Core\CMSIS\Device\ST\STM32F4xx\Source\Templates\ar
m\startup_stm32f411xe.s
      At line 300 in file ..\Core\CMSIS\Device\ST\STM32F4xx\Source\Templates\ar
m\startup_stm32f411xe.s

SPI5_IRQHandler 0000001A

Symbol: SPI5_IRQHandler
   Definitions
      At line 359 in file ..\Core\CMSIS\Device\ST\STM32F4xx\Source\Templates\ar
m\startup_stm32f411xe.s
   Uses
      At line 179 in file ..\Core\CMSIS\Device\ST\STM32F4xx\Source\Templates\ar
m\startup_stm32f411xe.s
      At line 301 in file ..\Core\CMSIS\Device\ST\STM32F4xx\Source\Templates\ar
m\startup_stm32f411xe.s

SVC_Handler 00000012

Symbol: SVC_Handler
   Definitions
      At line 225 in file ..\Core\CMSIS\Device\ST\STM32F4xx\Source\Templates\ar
m\startup_stm32f411xe.s
   Uses
      At line 87 in file ..\Core\CMSIS\Device\ST\STM32F4xx\Source\Templates\arm
\startup_stm32f411xe.s
      At line 226 in file ..\Core\CMSIS\Device\ST\STM32F4xx\Source\Templates\ar
m\startup_stm32f411xe.s

SysTick_Handler 00000018

Symbol: SysTick_Handler
   Definitions
      At line 238 in file ..\Core\CMSIS\Device\ST\STM32F4xx\Source\Templates\ar
m\startup_stm32f411xe.s
   Uses



ARM Macro Assembler    Page 12 Alphabetic symbol ordering
Relocatable symbols

      At line 91 in file ..\Core\CMSIS\Device\ST\STM32F4xx\Source\Templates\arm
\startup_stm32f411xe.s
      At line 239 in file ..\Core\CMSIS\Device\ST\STM32F4xx\Source\Templates\ar
m\startup_stm32f411xe.s

TAMP_STAMP_IRQHandler 0000001A

Symbol: TAMP_STAMP_IRQHandler
   Definitions
      At line 305 in file ..\Core\CMSIS\Device\ST\STM32F4xx\Source\Templates\ar
m\startup_stm32f411xe.s
   Uses
      At line 96 in file ..\Core\CMSIS\Device\ST\STM32F4xx\Source\Templates\arm
\startup_stm32f411xe.s
      At line 247 in file ..\Core\CMSIS\Device\ST\STM32F4xx\Source\Templates\ar
m\startup_stm32f411xe.s

TIM1_BRK_TIM9_IRQHandler 0000001A

Symbol: TIM1_BRK_TIM9_IRQHandler
   Definitions
      At line 323 in file ..\Core\CMSIS\Device\ST\STM32F4xx\Source\Templates\ar
m\startup_stm32f411xe.s
   Uses
      At line 118 in file ..\Core\CMSIS\Device\ST\STM32F4xx\Source\Templates\ar
m\startup_stm32f411xe.s
      At line 265 in file ..\Core\CMSIS\Device\ST\STM32F4xx\Source\Templates\ar
m\startup_stm32f411xe.s

TIM1_CC_IRQHandler 0000001A

Symbol: TIM1_CC_IRQHandler
   Definitions
      At line 326 in file ..\Core\CMSIS\Device\ST\STM32F4xx\Source\Templates\ar
m\startup_stm32f411xe.s
   Uses
      At line 121 in file ..\Core\CMSIS\Device\ST\STM32F4xx\Source\Templates\ar
m\startup_stm32f411xe.s
      At line 268 in file ..\Core\CMSIS\Device\ST\STM32F4xx\Source\Templates\ar
m\startup_stm32f411xe.s

TIM1_TRG_COM_TIM11_IRQHandler 0000001A

Symbol: TIM1_TRG_COM_TIM11_IRQHandler
   Definitions
      At line 325 in file ..\Core\CMSIS\Device\ST\STM32F4xx\Source\Templates\ar
m\startup_stm32f411xe.s
   Uses
      At line 120 in file ..\Core\CMSIS\Device\ST\STM32F4xx\Source\Templates\ar
m\startup_stm32f411xe.s
      At line 267 in file ..\Core\CMSIS\Device\ST\STM32F4xx\Source\Templates\ar
m\startup_stm32f411xe.s

TIM1_UP_TIM10_IRQHandler 0000001A

Symbol: TIM1_UP_TIM10_IRQHandler
   Definitions
      At line 324 in file ..\Core\CMSIS\Device\ST\STM32F4xx\Source\Templates\ar
m\startup_stm32f411xe.s



ARM Macro Assembler    Page 13 Alphabetic symbol ordering
Relocatable symbols

   Uses
      At line 119 in file ..\Core\CMSIS\Device\ST\STM32F4xx\Source\Templates\ar
m\startup_stm32f411xe.s
      At line 266 in file ..\Core\CMSIS\Device\ST\STM32F4xx\Source\Templates\ar
m\startup_stm32f411xe.s

TIM2_IRQHandler 0000001A

Symbol: TIM2_IRQHandler
   Definitions
      At line 327 in file ..\Core\CMSIS\Device\ST\STM32F4xx\Source\Templates\ar
m\startup_stm32f411xe.s
   Uses
      At line 122 in file ..\Core\CMSIS\Device\ST\STM32F4xx\Source\Templates\ar
m\startup_stm32f411xe.s
      At line 269 in file ..\Core\CMSIS\Device\ST\STM32F4xx\Source\Templates\ar
m\startup_stm32f411xe.s

TIM3_IRQHandler 0000001A

Symbol: TIM3_IRQHandler
   Definitions
      At line 328 in file ..\Core\CMSIS\Device\ST\STM32F4xx\Source\Templates\ar
m\startup_stm32f411xe.s
   Uses
      At line 123 in file ..\Core\CMSIS\Device\ST\STM32F4xx\Source\Templates\ar
m\startup_stm32f411xe.s
      At line 270 in file ..\Core\CMSIS\Device\ST\STM32F4xx\Source\Templates\ar
m\startup_stm32f411xe.s

TIM4_IRQHandler 0000001A

Symbol: TIM4_IRQHandler
   Definitions
      At line 329 in file ..\Core\CMSIS\Device\ST\STM32F4xx\Source\Templates\ar
m\startup_stm32f411xe.s
   Uses
      At line 124 in file ..\Core\CMSIS\Device\ST\STM32F4xx\Source\Templates\ar
m\startup_stm32f411xe.s
      At line 271 in file ..\Core\CMSIS\Device\ST\STM32F4xx\Source\Templates\ar
m\startup_stm32f411xe.s

TIM5_IRQHandler 0000001A

Symbol: TIM5_IRQHandler
   Definitions
      At line 343 in file ..\Core\CMSIS\Device\ST\STM32F4xx\Source\Templates\ar
m\startup_stm32f411xe.s
   Uses
      At line 144 in file ..\Core\CMSIS\Device\ST\STM32F4xx\Source\Templates\ar
m\startup_stm32f411xe.s
      At line 285 in file ..\Core\CMSIS\Device\ST\STM32F4xx\Source\Templates\ar
m\startup_stm32f411xe.s

USART1_IRQHandler 0000001A

Symbol: USART1_IRQHandler
   Definitions
      At line 336 in file ..\Core\CMSIS\Device\ST\STM32F4xx\Source\Templates\ar



ARM Macro Assembler    Page 14 Alphabetic symbol ordering
Relocatable symbols

m\startup_stm32f411xe.s
   Uses
      At line 131 in file ..\Core\CMSIS\Device\ST\STM32F4xx\Source\Templates\ar
m\startup_stm32f411xe.s
      At line 278 in file ..\Core\CMSIS\Device\ST\STM32F4xx\Source\Templates\ar
m\startup_stm32f411xe.s

USART2_IRQHandler 0000001A

Symbol: USART2_IRQHandler
   Definitions
      At line 337 in file ..\Core\CMSIS\Device\ST\STM32F4xx\Source\Templates\ar
m\startup_stm32f411xe.s
   Uses
      At line 132 in file ..\Core\CMSIS\Device\ST\STM32F4xx\Source\Templates\ar
m\startup_stm32f411xe.s
      At line 279 in file ..\Core\CMSIS\Device\ST\STM32F4xx\Source\Templates\ar
m\startup_stm32f411xe.s

USART6_IRQHandler 0000001A

Symbol: USART6_IRQHandler
   Definitions
      At line 354 in file ..\Core\CMSIS\Device\ST\STM32F4xx\Source\Templates\ar
m\startup_stm32f411xe.s
   Uses
      At line 165 in file ..\Core\CMSIS\Device\ST\STM32F4xx\Source\Templates\ar
m\startup_stm32f411xe.s
      At line 296 in file ..\Core\CMSIS\Device\ST\STM32F4xx\Source\Templates\ar
m\startup_stm32f411xe.s

UsageFault_Handler 00000010

Symbol: UsageFault_Handler
   Definitions
      At line 221 in file ..\Core\CMSIS\Device\ST\STM32F4xx\Source\Templates\ar
m\startup_stm32f411xe.s
   Uses
      At line 82 in file ..\Core\CMSIS\Device\ST\STM32F4xx\Source\Templates\arm
\startup_stm32f411xe.s
      At line 222 in file ..\Core\CMSIS\Device\ST\STM32F4xx\Source\Templates\ar
m\startup_stm32f411xe.s

WWDG_IRQHandler 0000001A

Symbol: WWDG_IRQHandler
   Definitions
      At line 303 in file ..\Core\CMSIS\Device\ST\STM32F4xx\Source\Templates\ar
m\startup_stm32f411xe.s
   Uses
      At line 94 in file ..\Core\CMSIS\Device\ST\STM32F4xx\Source\Templates\arm
\startup_stm32f411xe.s
      At line 245 in file ..\Core\CMSIS\Device\ST\STM32F4xx\Source\Templates\ar
m\startup_stm32f411xe.s

__user_initial_stackheap 0000001C

Symbol: __user_initial_stackheap
   Definitions



ARM Macro Assembler    Page 15 Alphabetic symbol ordering
Relocatable symbols

      At line 381 in file ..\Core\CMSIS\Device\ST\STM32F4xx\Source\Templates\ar
m\startup_stm32f411xe.s
   Uses
      At line 379 in file ..\Core\CMSIS\Device\ST\STM32F4xx\Source\Templates\ar
m\startup_stm32f411xe.s
Comment: __user_initial_stackheap used once
70 symbols



ARM Macro Assembler    Page 1 Alphabetic symbol ordering
Absolute symbols

Heap_Size 00000800

Symbol: Heap_Size
   Definitions
      At line 59 in file ..\Core\CMSIS\Device\ST\STM32F4xx\Source\Templates\arm
\startup_stm32f411xe.s
   Uses
      At line 63 in file ..\Core\CMSIS\Device\ST\STM32F4xx\Source\Templates\arm
\startup_stm32f411xe.s
      At line 385 in file ..\Core\CMSIS\Device\ST\STM32F4xx\Source\Templates\ar
m\startup_stm32f411xe.s

Stack_Size 00000800

Symbol: Stack_Size
   Definitions
      At line 48 in file ..\Core\CMSIS\Device\ST\STM32F4xx\Source\Templates\arm
\startup_stm32f411xe.s
   Uses
      At line 51 in file ..\Core\CMSIS\Device\ST\STM32F4xx\Source\Templates\arm
\startup_stm32f411xe.s
      At line 384 in file ..\Core\CMSIS\Device\ST\STM32F4xx\Source\Templates\ar
m\startup_stm32f411xe.s

__Vectors_Size 00000198

Symbol: __Vectors_Size
   Definitions
      At line 183 in file ..\Core\CMSIS\Device\ST\STM32F4xx\Source\Templates\ar
m\startup_stm32f411xe.s
   Uses
      At line 74 in file ..\Core\CMSIS\Device\ST\STM32F4xx\Source\Templates\arm
\startup_stm32f411xe.s
Comment: __Vectors_Size used once
3 symbols



ARM Macro Assembler    Page 1 Alphabetic symbol ordering
External symbols

SystemInit 00000000

Symbol: SystemInit
   Definitions
      At line 190 in file ..\Core\CMSIS\Device\ST\STM32F4xx\Source\Templates\ar
m\startup_stm32f411xe.s
   Uses
      At line 193 in file ..\Core\CMSIS\Device\ST\STM32F4xx\Source\Templates\ar
m\startup_stm32f411xe.s
Comment: SystemInit used once
__main 00000000

Symbol: __main
   Definitions
      At line 191 in file ..\Core\CMSIS\Device\ST\STM32F4xx\Source\Templates\ar
m\startup_stm32f411xe.s
   Uses
      At line 195 in file ..\Core\CMSIS\Device\ST\STM32F4xx\Source\Templates\ar
m\startup_stm32f411xe.s
Comment: __main used once
__use_two_region_memory 00000000

Symbol: __use_two_region_memory
   Definitions
      At line 378 in file ..\Core\CMSIS\Device\ST\STM32F4xx\Source\Templates\ar
m\startup_stm32f411xe.s
   Uses
      None
Comment: __use_two_region_memory unused
3 symbols
424 symbols in table
